h:\documents\wayne state university\winter 2019\csc 4110\lab\csc4111w19grp1\project\sources\bin\easypaintgrp1.dir\debug\vc141.pdb
h:\documents\wayne state university\winter 2019\csc 4110\lab\csc4111w19grp1\project\sources\bin\easypaintgrp1.dir\debug\gaussianblurfiltersettings.obj
h:\documents\wayne state university\winter 2019\csc 4110\lab\csc4111w19grp1\project\sources\bin\easypaintgrp1.dir\debug\sharpenfiltersettings.obj
h:\documents\wayne state university\winter 2019\csc 4110\lab\csc4111w19grp1\project\sources\bin\easypaintgrp1.dir\debug\customfiltersettings.obj
h:\documents\wayne state university\winter 2019\csc 4110\lab\csc4111w19grp1\project\sources\bin\easypaintgrp1.dir\debug\shortcutedit.obj
h:\documents\wayne state university\winter 2019\csc 4110\lab\csc4111w19grp1\project\sources\bin\easypaintgrp1.dir\debug\palettebutton.obj
h:\documents\wayne state university\winter 2019\csc 4110\lab\csc4111w19grp1\project\sources\bin\easypaintgrp1.dir\debug\palettebar.obj
h:\documents\wayne state university\winter 2019\csc 4110\lab\csc4111w19grp1\project\sources\bin\easypaintgrp1.dir\debug\colorchooser.obj
h:\documents\wayne state university\winter 2019\csc 4110\lab\csc4111w19grp1\project\sources\bin\easypaintgrp1.dir\debug\toolbar.obj
h:\documents\wayne state university\winter 2019\csc 4110\lab\csc4111w19grp1\project\sources\bin\easypaintgrp1.dir\debug\undocommand.obj
h:\documents\wayne state university\winter 2019\csc 4110\lab\csc4111w19grp1\project\sources\bin\easypaintgrp1.dir\debug\gammaeffect.obj
h:\documents\wayne state university\winter 2019\csc 4110\lab\csc4111w19grp1\project\sources\bin\easypaintgrp1.dir\debug\effectwithsettings.obj
h:\documents\wayne state university\winter 2019\csc 4110\lab\csc4111w19grp1\project\sources\bin\easypaintgrp1.dir\debug\binarizationeffect.obj
h:\documents\wayne state university\winter 2019\csc 4110\lab\csc4111w19grp1\project\sources\bin\easypaintgrp1.dir\debug\grayeffect.obj
h:\documents\wayne state university\winter 2019\csc 4110\lab\csc4111w19grp1\project\sources\bin\easypaintgrp1.dir\debug\negativeeffect.obj
h:\documents\wayne state university\winter 2019\csc 4110\lab\csc4111w19grp1\project\sources\bin\easypaintgrp1.dir\debug\abstracteffect.obj
h:\documents\wayne state university\winter 2019\csc 4110\lab\csc4111w19grp1\project\sources\bin\easypaintgrp1.dir\debug\additionaltools.obj
h:\documents\wayne state university\winter 2019\csc 4110\lab\csc4111w19grp1\project\sources\bin\easypaintgrp1.dir\debug\datasingleton.obj
h:\documents\wayne state university\winter 2019\csc 4110\lab\csc4111w19grp1\project\sources\bin\easypaintgrp1.dir\debug\imagearea.obj
h:\documents\wayne state university\winter 2019\csc 4110\lab\csc4111w19grp1\project\sources\bin\easypaintgrp1.dir\debug\mainwindow.obj
h:\documents\wayne state university\winter 2019\csc 4110\lab\csc4111w19grp1\project\sources\bin\easypaintgrp1.dir\debug\main.obj
h:\documents\wayne state university\winter 2019\csc 4110\lab\csc4111w19grp1\project\sources\bin\easypaintgrp1.dir\debug\curvelineinstrument.obj
h:\documents\wayne state university\winter 2019\csc 4110\lab\csc4111w19grp1\project\sources\bin\easypaintgrp1.dir\debug\colorpickerinstrument.obj
h:\documents\wayne state university\winter 2019\csc 4110\lab\csc4111w19grp1\project\sources\bin\easypaintgrp1.dir\debug\magnifierinstrument.obj
h:\documents\wayne state university\winter 2019\csc 4110\lab\csc4111w19grp1\project\sources\bin\easypaintgrp1.dir\debug\sprayinstrument.obj
h:\documents\wayne state university\winter 2019\csc 4110\lab\csc4111w19grp1\project\sources\bin\easypaintgrp1.dir\debug\fillinstrument.obj
h:\documents\wayne state university\winter 2019\csc 4110\lab\csc4111w19grp1\project\sources\bin\easypaintgrp1.dir\debug\ellipseinstrument.obj
h:\documents\wayne state university\winter 2019\csc 4110\lab\csc4111w19grp1\project\sources\bin\easypaintgrp1.dir\debug\rectangleinstrument.obj
h:\documents\wayne state university\winter 2019\csc 4110\lab\csc4111w19grp1\project\sources\bin\easypaintgrp1.dir\debug\eraserinstrument.obj
h:\documents\wayne state university\winter 2019\csc 4110\lab\csc4111w19grp1\project\sources\bin\easypaintgrp1.dir\debug\lineinstrument.obj
h:\documents\wayne state university\winter 2019\csc 4110\lab\csc4111w19grp1\project\sources\bin\easypaintgrp1.dir\debug\pencilinstrument.obj
h:\documents\wayne state university\winter 2019\csc 4110\lab\csc4111w19grp1\project\sources\bin\easypaintgrp1.dir\debug\selectioninstrument.obj
h:\documents\wayne state university\winter 2019\csc 4110\lab\csc4111w19grp1\project\sources\bin\easypaintgrp1.dir\debug\abstractselection.obj
h:\documents\wayne state university\winter 2019\csc 4110\lab\csc4111w19grp1\project\sources\bin\easypaintgrp1.dir\debug\abstractinstrument.obj
h:\documents\wayne state university\winter 2019\csc 4110\lab\csc4111w19grp1\project\sources\bin\easypaintgrp1.dir\debug\numberdialog.obj
h:\documents\wayne state university\winter 2019\csc 4110\lab\csc4111w19grp1\project\sources\bin\easypaintgrp1.dir\debug\diagramnamedialog.obj
h:\documents\wayne state university\winter 2019\csc 4110\lab\csc4111w19grp1\project\sources\bin\easypaintgrp1.dir\debug\effectsettingsdialog.obj
h:\documents\wayne state university\winter 2019\csc 4110\lab\csc4111w19grp1\project\sources\bin\easypaintgrp1.dir\debug\textdialog.obj
h:\documents\wayne state university\winter 2019\csc 4110\lab\csc4111w19grp1\project\sources\bin\easypaintgrp1.dir\debug\settingsdialog.obj
h:\documents\wayne state university\winter 2019\csc 4110\lab\csc4111w19grp1\project\sources\bin\easypaintgrp1.dir\debug\resizedialog.obj
h:\documents\wayne state university\winter 2019\csc 4110\lab\csc4111w19grp1\project\sources\bin\easypaintgrp1.dir\debug\imagepreview.obj
h:\documents\wayne state university\winter 2019\csc 4110\lab\csc4111w19grp1\project\sources\bin\easypaintgrp1.dir\debug\moc_grayeffect.obj
h:\documents\wayne state university\winter 2019\csc 4110\lab\csc4111w19grp1\project\sources\bin\easypaintgrp1.dir\debug\moc_negativeeffect.obj
h:\documents\wayne state university\winter 2019\csc 4110\lab\csc4111w19grp1\project\sources\bin\easypaintgrp1.dir\debug\moc_abstracteffect.obj
h:\documents\wayne state university\winter 2019\csc 4110\lab\csc4111w19grp1\project\sources\bin\easypaintgrp1.dir\debug\moc_additionaltools.obj
h:\documents\wayne state university\winter 2019\csc 4110\lab\csc4111w19grp1\project\sources\bin\easypaintgrp1.dir\debug\moc_datasingleton.obj
h:\documents\wayne state university\winter 2019\csc 4110\lab\csc4111w19grp1\project\sources\bin\easypaintgrp1.dir\debug\moc_imagearea.obj
h:\documents\wayne state university\winter 2019\csc 4110\lab\csc4111w19grp1\project\sources\bin\easypaintgrp1.dir\debug\moc_easypaintenums.obj
h:\documents\wayne state university\winter 2019\csc 4110\lab\csc4111w19grp1\project\sources\bin\easypaintgrp1.dir\debug\moc_mainwindow.obj
h:\documents\wayne state university\winter 2019\csc 4110\lab\csc4111w19grp1\project\sources\bin\easypaintgrp1.dir\debug\convexhexagonselectioninstrument.obj
h:\documents\wayne state university\winter 2019\csc 4110\lab\csc4111w19grp1\project\sources\bin\easypaintgrp1.dir\debug\convexpentagonselectioninstrument.obj
h:\documents\wayne state university\winter 2019\csc 4110\lab\csc4111w19grp1\project\sources\bin\easypaintgrp1.dir\debug\concavepentagonselectioninstrument.obj
h:\documents\wayne state university\winter 2019\csc 4110\lab\csc4111w19grp1\project\sources\bin\easypaintgrp1.dir\debug\regularpentagoninstrument.obj
h:\documents\wayne state university\winter 2019\csc 4110\lab\csc4111w19grp1\project\sources\bin\easypaintgrp1.dir\debug\irregularpentagoninstrument.obj
h:\documents\wayne state university\winter 2019\csc 4110\lab\csc4111w19grp1\project\sources\bin\easypaintgrp1.dir\debug\obtusetriangleinstrument.obj
h:\documents\wayne state university\winter 2019\csc 4110\lab\csc4111w19grp1\project\sources\bin\easypaintgrp1.dir\debug\scalenetriangleinstrument.obj
h:\documents\wayne state university\winter 2019\csc 4110\lab\csc4111w19grp1\project\sources\bin\easypaintgrp1.dir\debug\convexhexagoninstrument.obj
h:\documents\wayne state university\winter 2019\csc 4110\lab\csc4111w19grp1\project\sources\bin\easypaintgrp1.dir\debug\concavehexagoninstrument.obj
h:\documents\wayne state university\winter 2019\csc 4110\lab\csc4111w19grp1\project\sources\bin\easypaintgrp1.dir\debug\convexpentagoninstrument.obj
h:\documents\wayne state university\winter 2019\csc 4110\lab\csc4111w19grp1\project\sources\bin\easypaintgrp1.dir\debug\concavepentagoninstrument.obj
h:\documents\wayne state university\winter 2019\csc 4110\lab\csc4111w19grp1\project\sources\bin\easypaintgrp1.dir\debug\textinstrument.obj
h:\documents\wayne state university\winter 2019\csc 4110\lab\csc4111w19grp1\project\sources\bin\easypaintgrp1.dir\debug\moc_textdialog.obj
h:\documents\wayne state university\winter 2019\csc 4110\lab\csc4111w19grp1\project\sources\bin\easypaintgrp1.dir\debug\moc_settingsdialog.obj
h:\documents\wayne state university\winter 2019\csc 4110\lab\csc4111w19grp1\project\sources\bin\easypaintgrp1.dir\debug\moc_resizedialog.obj
h:\documents\wayne state university\winter 2019\csc 4110\lab\csc4111w19grp1\project\sources\bin\easypaintgrp1.dir\debug\moc_imagepreview.obj
h:\documents\wayne state university\winter 2019\csc 4110\lab\csc4111w19grp1\project\sources\bin\easypaintgrp1.dir\debug\moc_gaussianblurfiltersettings.obj
h:\documents\wayne state university\winter 2019\csc 4110\lab\csc4111w19grp1\project\sources\bin\easypaintgrp1.dir\debug\moc_sharpenfiltersettings.obj
h:\documents\wayne state university\winter 2019\csc 4110\lab\csc4111w19grp1\project\sources\bin\easypaintgrp1.dir\debug\moc_customfiltersettings.obj
h:\documents\wayne state university\winter 2019\csc 4110\lab\csc4111w19grp1\project\sources\bin\easypaintgrp1.dir\debug\moc_abstracteffectsettings.obj
h:\documents\wayne state university\winter 2019\csc 4110\lab\csc4111w19grp1\project\sources\bin\easypaintgrp1.dir\debug\moc_shortcutedit.obj
h:\documents\wayne state university\winter 2019\csc 4110\lab\csc4111w19grp1\project\sources\bin\easypaintgrp1.dir\debug\moc_palettebutton.obj
h:\documents\wayne state university\winter 2019\csc 4110\lab\csc4111w19grp1\project\sources\bin\easypaintgrp1.dir\debug\moc_palettebar.obj
h:\documents\wayne state university\winter 2019\csc 4110\lab\csc4111w19grp1\project\sources\bin\easypaintgrp1.dir\debug\moc_colorchooser.obj
h:\documents\wayne state university\winter 2019\csc 4110\lab\csc4111w19grp1\project\sources\bin\easypaintgrp1.dir\debug\moc_toolbar.obj
h:\documents\wayne state university\winter 2019\csc 4110\lab\csc4111w19grp1\project\sources\bin\easypaintgrp1.dir\debug\moc_undocommand.obj
h:\documents\wayne state university\winter 2019\csc 4110\lab\csc4111w19grp1\project\sources\bin\easypaintgrp1.dir\debug\moc_sharpeneffect.obj
h:\documents\wayne state university\winter 2019\csc 4110\lab\csc4111w19grp1\project\sources\bin\easypaintgrp1.dir\debug\moc_gaussianblureffect.obj
h:\documents\wayne state university\winter 2019\csc 4110\lab\csc4111w19grp1\project\sources\bin\easypaintgrp1.dir\debug\moc_gammaeffect.obj
h:\documents\wayne state university\winter 2019\csc 4110\lab\csc4111w19grp1\project\sources\bin\easypaintgrp1.dir\debug\moc_effectwithsettings.obj
h:\documents\wayne state university\winter 2019\csc 4110\lab\csc4111w19grp1\project\sources\bin\easypaintgrp1.dir\debug\moc_customeffect.obj
h:\documents\wayne state university\winter 2019\csc 4110\lab\csc4111w19grp1\project\sources\bin\easypaintgrp1.dir\debug\moc_binarizationeffect.obj
h:\documents\wayne state university\winter 2019\csc 4110\lab\csc4111w19grp1\project\sources\bin\easypaintgrp1.dir\debug\moc_concavehexagoninstrument.obj
h:\documents\wayne state university\winter 2019\csc 4110\lab\csc4111w19grp1\project\sources\bin\easypaintgrp1.dir\debug\moc_convexpentagoninstrument.obj
h:\documents\wayne state university\winter 2019\csc 4110\lab\csc4111w19grp1\project\sources\bin\easypaintgrp1.dir\debug\moc_concavepentagoninstrument.obj
h:\documents\wayne state university\winter 2019\csc 4110\lab\csc4111w19grp1\project\sources\bin\easypaintgrp1.dir\debug\moc_textinstrument.obj
h:\documents\wayne state university\winter 2019\csc 4110\lab\csc4111w19grp1\project\sources\bin\easypaintgrp1.dir\debug\moc_curvelineinstrument.obj
h:\documents\wayne state university\winter 2019\csc 4110\lab\csc4111w19grp1\project\sources\bin\easypaintgrp1.dir\debug\moc_colorpickerinstrument.obj
h:\documents\wayne state university\winter 2019\csc 4110\lab\csc4111w19grp1\project\sources\bin\easypaintgrp1.dir\debug\moc_magnifierinstrument.obj
h:\documents\wayne state university\winter 2019\csc 4110\lab\csc4111w19grp1\project\sources\bin\easypaintgrp1.dir\debug\moc_sprayinstrument.obj
h:\documents\wayne state university\winter 2019\csc 4110\lab\csc4111w19grp1\project\sources\bin\easypaintgrp1.dir\debug\moc_fillinstrument.obj
h:\documents\wayne state university\winter 2019\csc 4110\lab\csc4111w19grp1\project\sources\bin\easypaintgrp1.dir\debug\moc_ellipseinstrument.obj
h:\documents\wayne state university\winter 2019\csc 4110\lab\csc4111w19grp1\project\sources\bin\easypaintgrp1.dir\debug\moc_rectangleinstrument.obj
h:\documents\wayne state university\winter 2019\csc 4110\lab\csc4111w19grp1\project\sources\bin\easypaintgrp1.dir\debug\moc_eraserinstrument.obj
h:\documents\wayne state university\winter 2019\csc 4110\lab\csc4111w19grp1\project\sources\bin\easypaintgrp1.dir\debug\moc_lineinstrument.obj
h:\documents\wayne state university\winter 2019\csc 4110\lab\csc4111w19grp1\project\sources\bin\easypaintgrp1.dir\debug\moc_pencilinstrument.obj
h:\documents\wayne state university\winter 2019\csc 4110\lab\csc4111w19grp1\project\sources\bin\easypaintgrp1.dir\debug\moc_selectioninstrument.obj
h:\documents\wayne state university\winter 2019\csc 4110\lab\csc4111w19grp1\project\sources\bin\easypaintgrp1.dir\debug\moc_abstractselection.obj
h:\documents\wayne state university\winter 2019\csc 4110\lab\csc4111w19grp1\project\sources\bin\easypaintgrp1.dir\debug\moc_abstractinstrument.obj
h:\documents\wayne state university\winter 2019\csc 4110\lab\csc4111w19grp1\project\sources\bin\easypaintgrp1.dir\debug\moc_numberdialog.obj
h:\documents\wayne state university\winter 2019\csc 4110\lab\csc4111w19grp1\project\sources\bin\easypaintgrp1.dir\debug\moc_diagramnamedialog.obj
h:\documents\wayne state university\winter 2019\csc 4110\lab\csc4111w19grp1\project\sources\bin\easypaintgrp1.dir\debug\moc_effectsettingsdialog.obj
h:\documents\wayne state university\winter 2019\csc 4110\lab\csc4111w19grp1\project\sources\bin\easypaintgrp1.dir\debug\qrc_resources.obj
h:\documents\wayne state university\winter 2019\csc 4110\lab\csc4111w19grp1\project\sources\bin\easypaintgrp1.dir\debug\moc_convexhexagonselectioninstrument.obj
h:\documents\wayne state university\winter 2019\csc 4110\lab\csc4111w19grp1\project\sources\bin\easypaintgrp1.dir\debug\moc_convexpentagonselectioninstrument.obj
h:\documents\wayne state university\winter 2019\csc 4110\lab\csc4111w19grp1\project\sources\bin\easypaintgrp1.dir\debug\moc_concavepentagonselectioninstrument.obj
h:\documents\wayne state university\winter 2019\csc 4110\lab\csc4111w19grp1\project\sources\bin\easypaintgrp1.dir\debug\moc_regularpentagoninstrument.obj
h:\documents\wayne state university\winter 2019\csc 4110\lab\csc4111w19grp1\project\sources\bin\easypaintgrp1.dir\debug\moc_irregularpentagoninstrument.obj
h:\documents\wayne state university\winter 2019\csc 4110\lab\csc4111w19grp1\project\sources\bin\easypaintgrp1.dir\debug\moc_obtusetriangleinstrument.obj
h:\documents\wayne state university\winter 2019\csc 4110\lab\csc4111w19grp1\project\sources\bin\easypaintgrp1.dir\debug\moc_scalenetriangleinstrument.obj
h:\documents\wayne state university\winter 2019\csc 4110\lab\csc4111w19grp1\project\sources\bin\easypaintgrp1.dir\debug\moc_convexhexagoninstrument.obj
h:\documents\wayne state university\winter 2019\csc 4110\lab\csc4111w19grp1\project\sources\bin\sources\moc_mainwindow.cpp
h:\documents\wayne state university\winter 2019\csc 4110\lab\csc4111w19grp1\project\sources\bin\sources\moc_easypaintenums.cpp
h:\documents\wayne state university\winter 2019\csc 4110\lab\csc4111w19grp1\project\sources\bin\sources\moc_imagearea.cpp
h:\documents\wayne state university\winter 2019\csc 4110\lab\csc4111w19grp1\project\sources\bin\sources\moc_datasingleton.cpp
h:\documents\wayne state university\winter 2019\csc 4110\lab\csc4111w19grp1\project\sources\bin\sources\moc_additionaltools.cpp
h:\documents\wayne state university\winter 2019\csc 4110\lab\csc4111w19grp1\project\sources\bin\sources\effects\moc_abstracteffect.cpp
h:\documents\wayne state university\winter 2019\csc 4110\lab\csc4111w19grp1\project\sources\bin\sources\effects\moc_negativeeffect.cpp
h:\documents\wayne state university\winter 2019\csc 4110\lab\csc4111w19grp1\project\sources\bin\sources\effects\moc_grayeffect.cpp
h:\documents\wayne state university\winter 2019\csc 4110\lab\csc4111w19grp1\project\sources\bin\sources\effects\moc_binarizationeffect.cpp
h:\documents\wayne state university\winter 2019\csc 4110\lab\csc4111w19grp1\project\sources\bin\sources\effects\moc_customeffect.cpp
h:\documents\wayne state university\winter 2019\csc 4110\lab\csc4111w19grp1\project\sources\bin\sources\effects\moc_effectwithsettings.cpp
h:\documents\wayne state university\winter 2019\csc 4110\lab\csc4111w19grp1\project\sources\bin\sources\effects\moc_gammaeffect.cpp
h:\documents\wayne state university\winter 2019\csc 4110\lab\csc4111w19grp1\project\sources\bin\sources\effects\moc_gaussianblureffect.cpp
h:\documents\wayne state university\winter 2019\csc 4110\lab\csc4111w19grp1\project\sources\bin\sources\effects\moc_sharpeneffect.cpp
h:\documents\wayne state university\winter 2019\csc 4110\lab\csc4111w19grp1\project\sources\bin\sources\moc_undocommand.cpp
h:\documents\wayne state university\winter 2019\csc 4110\lab\csc4111w19grp1\project\sources\bin\sources\widgets\moc_toolbar.cpp
h:\documents\wayne state university\winter 2019\csc 4110\lab\csc4111w19grp1\project\sources\bin\sources\widgets\moc_colorchooser.cpp
h:\documents\wayne state university\winter 2019\csc 4110\lab\csc4111w19grp1\project\sources\bin\sources\widgets\moc_palettebar.cpp
h:\documents\wayne state university\winter 2019\csc 4110\lab\csc4111w19grp1\project\sources\bin\sources\widgets\moc_palettebutton.cpp
h:\documents\wayne state university\winter 2019\csc 4110\lab\csc4111w19grp1\project\sources\bin\sources\widgets\moc_shortcutedit.cpp
h:\documents\wayne state university\winter 2019\csc 4110\lab\csc4111w19grp1\project\sources\bin\sources\widgets\moc_abstracteffectsettings.cpp
h:\documents\wayne state university\winter 2019\csc 4110\lab\csc4111w19grp1\project\sources\bin\sources\widgets\moc_customfiltersettings.cpp
h:\documents\wayne state university\winter 2019\csc 4110\lab\csc4111w19grp1\project\sources\bin\sources\widgets\moc_sharpenfiltersettings.cpp
h:\documents\wayne state university\winter 2019\csc 4110\lab\csc4111w19grp1\project\sources\bin\sources\widgets\moc_gaussianblurfiltersettings.cpp
h:\documents\wayne state university\winter 2019\csc 4110\lab\csc4111w19grp1\project\sources\bin\sources\widgets\moc_imagepreview.cpp
h:\documents\wayne state university\winter 2019\csc 4110\lab\csc4111w19grp1\project\sources\bin\sources\dialogs\moc_resizedialog.cpp
h:\documents\wayne state university\winter 2019\csc 4110\lab\csc4111w19grp1\project\sources\bin\sources\dialogs\moc_settingsdialog.cpp
h:\documents\wayne state university\winter 2019\csc 4110\lab\csc4111w19grp1\project\sources\bin\sources\dialogs\moc_textdialog.cpp
h:\documents\wayne state university\winter 2019\csc 4110\lab\csc4111w19grp1\project\sources\bin\sources\dialogs\moc_effectsettingsdialog.cpp
h:\documents\wayne state university\winter 2019\csc 4110\lab\csc4111w19grp1\project\sources\bin\sources\dialogs\moc_diagramnamedialog.cpp
h:\documents\wayne state university\winter 2019\csc 4110\lab\csc4111w19grp1\project\sources\bin\sources\dialogs\moc_numberdialog.cpp
h:\documents\wayne state university\winter 2019\csc 4110\lab\csc4111w19grp1\project\sources\bin\sources\instruments\moc_abstractinstrument.cpp
h:\documents\wayne state university\winter 2019\csc 4110\lab\csc4111w19grp1\project\sources\bin\sources\instruments\moc_abstractselection.cpp
h:\documents\wayne state university\winter 2019\csc 4110\lab\csc4111w19grp1\project\sources\bin\sources\instruments\moc_selectioninstrument.cpp
h:\documents\wayne state university\winter 2019\csc 4110\lab\csc4111w19grp1\project\sources\bin\sources\instruments\moc_pencilinstrument.cpp
h:\documents\wayne state university\winter 2019\csc 4110\lab\csc4111w19grp1\project\sources\bin\sources\instruments\moc_lineinstrument.cpp
h:\documents\wayne state university\winter 2019\csc 4110\lab\csc4111w19grp1\project\sources\bin\sources\instruments\moc_eraserinstrument.cpp
h:\documents\wayne state university\winter 2019\csc 4110\lab\csc4111w19grp1\project\sources\bin\sources\instruments\moc_rectangleinstrument.cpp
h:\documents\wayne state university\winter 2019\csc 4110\lab\csc4111w19grp1\project\sources\bin\sources\instruments\moc_ellipseinstrument.cpp
h:\documents\wayne state university\winter 2019\csc 4110\lab\csc4111w19grp1\project\sources\bin\sources\instruments\moc_fillinstrument.cpp
h:\documents\wayne state university\winter 2019\csc 4110\lab\csc4111w19grp1\project\sources\bin\sources\instruments\moc_sprayinstrument.cpp
h:\documents\wayne state university\winter 2019\csc 4110\lab\csc4111w19grp1\project\sources\bin\sources\instruments\moc_magnifierinstrument.cpp
h:\documents\wayne state university\winter 2019\csc 4110\lab\csc4111w19grp1\project\sources\bin\sources\instruments\moc_colorpickerinstrument.cpp
h:\documents\wayne state university\winter 2019\csc 4110\lab\csc4111w19grp1\project\sources\bin\sources\instruments\moc_curvelineinstrument.cpp
h:\documents\wayne state university\winter 2019\csc 4110\lab\csc4111w19grp1\project\sources\bin\sources\instruments\moc_textinstrument.cpp
h:\documents\wayne state university\winter 2019\csc 4110\lab\csc4111w19grp1\project\sources\bin\sources\instruments\moc_concavepentagoninstrument.cpp
h:\documents\wayne state university\winter 2019\csc 4110\lab\csc4111w19grp1\project\sources\bin\sources\instruments\moc_convexpentagoninstrument.cpp
h:\documents\wayne state university\winter 2019\csc 4110\lab\csc4111w19grp1\project\sources\bin\sources\instruments\moc_concavehexagoninstrument.cpp
h:\documents\wayne state university\winter 2019\csc 4110\lab\csc4111w19grp1\project\sources\bin\sources\instruments\moc_convexhexagoninstrument.cpp
h:\documents\wayne state university\winter 2019\csc 4110\lab\csc4111w19grp1\project\sources\bin\sources\instruments\moc_scalenetriangleinstrument.cpp
h:\documents\wayne state university\winter 2019\csc 4110\lab\csc4111w19grp1\project\sources\bin\sources\instruments\moc_obtusetriangleinstrument.cpp
h:\documents\wayne state university\winter 2019\csc 4110\lab\csc4111w19grp1\project\sources\bin\sources\instruments\moc_irregularpentagoninstrument.cpp
h:\documents\wayne state university\winter 2019\csc 4110\lab\csc4111w19grp1\project\sources\bin\sources\instruments\moc_regularpentagoninstrument.cpp
h:\documents\wayne state university\winter 2019\csc 4110\lab\csc4111w19grp1\project\sources\bin\sources\instruments\moc_concavepentagonselectioninstrument.cpp
h:\documents\wayne state university\winter 2019\csc 4110\lab\csc4111w19grp1\project\sources\bin\sources\instruments\moc_convexpentagonselectioninstrument.cpp
h:\documents\wayne state university\winter 2019\csc 4110\lab\csc4111w19grp1\project\sources\bin\sources\instruments\moc_convexhexagonselectioninstrument.cpp
h:\documents\wayne state university\winter 2019\csc 4110\lab\csc4111w19grp1\project\sources\bin\qrc_resources.cpp
h:\documents\wayne state university\winter 2019\csc 4110\lab\csc4111w19grp1\project\sources\bin\cmakefiles\generate.stamp
h:\documents\wayne state university\winter 2019\csc 4110\lab\csc4111w19grp1\project\sources\bin\debug\easypaintgrp1.exe
h:\documents\wayne state university\winter 2019\csc 4110\lab\csc4111w19grp1\project\sources\bin\debug\easypaintgrp1.ilk
h:\documents\wayne state university\winter 2019\csc 4110\lab\csc4111w19grp1\project\sources\bin\debug\easypaintgrp1.pdb
h:\documents\wayne state university\winter 2019\csc 4110\lab\csc4111w19grp1\project\sources\bin\easypaintgrp1.dir\debug\easypaintgrp1.tlog\cl.command.1.tlog
h:\documents\wayne state university\winter 2019\csc 4110\lab\csc4111w19grp1\project\sources\bin\easypaintgrp1.dir\debug\easypaintgrp1.tlog\cl.read.1.tlog
h:\documents\wayne state university\winter 2019\csc 4110\lab\csc4111w19grp1\project\sources\bin\easypaintgrp1.dir\debug\easypaintgrp1.tlog\cl.write.1.tlog
h:\documents\wayne state university\winter 2019\csc 4110\lab\csc4111w19grp1\project\sources\bin\easypaintgrp1.dir\debug\easypaintgrp1.tlog\custombuild.command.1.tlog
h:\documents\wayne state university\winter 2019\csc 4110\lab\csc4111w19grp1\project\sources\bin\easypaintgrp1.dir\debug\easypaintgrp1.tlog\custombuild.read.1.tlog
h:\documents\wayne state university\winter 2019\csc 4110\lab\csc4111w19grp1\project\sources\bin\easypaintgrp1.dir\debug\easypaintgrp1.tlog\custombuild.write.1.tlog
h:\documents\wayne state university\winter 2019\csc 4110\lab\csc4111w19grp1\project\sources\bin\easypaintgrp1.dir\debug\easypaintgrp1.tlog\link.command.1.tlog
h:\documents\wayne state university\winter 2019\csc 4110\lab\csc4111w19grp1\project\sources\bin\easypaintgrp1.dir\debug\easypaintgrp1.tlog\link.read.1.tlog
h:\documents\wayne state university\winter 2019\csc 4110\lab\csc4111w19grp1\project\sources\bin\easypaintgrp1.dir\debug\easypaintgrp1.tlog\link.write.1.tlog
