d:\documents\wayne state university\winter 2019\csc 4110\lab\csc4111w19grp1\project\sources\bin\easypaintgrp1.dir\debug\vc141.pdb
d:\documents\wayne state university\winter 2019\csc 4110\lab\csc4111w19grp1\project\sources\bin\easypaintgrp1.dir\debug\gaussianblurfiltersettings.obj
d:\documents\wayne state university\winter 2019\csc 4110\lab\csc4111w19grp1\project\sources\bin\easypaintgrp1.dir\debug\sharpenfiltersettings.obj
d:\documents\wayne state university\winter 2019\csc 4110\lab\csc4111w19grp1\project\sources\bin\easypaintgrp1.dir\debug\customfiltersettings.obj
d:\documents\wayne state university\winter 2019\csc 4110\lab\csc4111w19grp1\project\sources\bin\easypaintgrp1.dir\debug\shortcutedit.obj
d:\documents\wayne state university\winter 2019\csc 4110\lab\csc4111w19grp1\project\sources\bin\easypaintgrp1.dir\debug\palettebutton.obj
d:\documents\wayne state university\winter 2019\csc 4110\lab\csc4111w19grp1\project\sources\bin\easypaintgrp1.dir\debug\palettebar.obj
d:\documents\wayne state university\winter 2019\csc 4110\lab\csc4111w19grp1\project\sources\bin\easypaintgrp1.dir\debug\colorchooser.obj
d:\documents\wayne state university\winter 2019\csc 4110\lab\csc4111w19grp1\project\sources\bin\easypaintgrp1.dir\debug\toolbar.obj
d:\documents\wayne state university\winter 2019\csc 4110\lab\csc4111w19grp1\project\sources\bin\easypaintgrp1.dir\debug\undocommand.obj
d:\documents\wayne state university\winter 2019\csc 4110\lab\csc4111w19grp1\project\sources\bin\easypaintgrp1.dir\debug\gammaeffect.obj
d:\documents\wayne state university\winter 2019\csc 4110\lab\csc4111w19grp1\project\sources\bin\easypaintgrp1.dir\debug\effectwithsettings.obj
d:\documents\wayne state university\winter 2019\csc 4110\lab\csc4111w19grp1\project\sources\bin\easypaintgrp1.dir\debug\binarizationeffect.obj
d:\documents\wayne state university\winter 2019\csc 4110\lab\csc4111w19grp1\project\sources\bin\easypaintgrp1.dir\debug\grayeffect.obj
d:\documents\wayne state university\winter 2019\csc 4110\lab\csc4111w19grp1\project\sources\bin\easypaintgrp1.dir\debug\negativeeffect.obj
d:\documents\wayne state university\winter 2019\csc 4110\lab\csc4111w19grp1\project\sources\bin\easypaintgrp1.dir\debug\abstracteffect.obj
d:\documents\wayne state university\winter 2019\csc 4110\lab\csc4111w19grp1\project\sources\bin\easypaintgrp1.dir\debug\additionaltools.obj
d:\documents\wayne state university\winter 2019\csc 4110\lab\csc4111w19grp1\project\sources\bin\easypaintgrp1.dir\debug\datasingleton.obj
d:\documents\wayne state university\winter 2019\csc 4110\lab\csc4111w19grp1\project\sources\bin\easypaintgrp1.dir\debug\imagearea.obj
d:\documents\wayne state university\winter 2019\csc 4110\lab\csc4111w19grp1\project\sources\bin\easypaintgrp1.dir\debug\mainwindow.obj
d:\documents\wayne state university\winter 2019\csc 4110\lab\csc4111w19grp1\project\sources\bin\easypaintgrp1.dir\debug\main.obj
d:\documents\wayne state university\winter 2019\csc 4110\lab\csc4111w19grp1\project\sources\bin\easypaintgrp1.dir\debug\moc_mainwindow.obj
d:\documents\wayne state university\winter 2019\csc 4110\lab\csc4111w19grp1\project\sources\bin\easypaintgrp1.dir\debug\textinstrument.obj
d:\documents\wayne state university\winter 2019\csc 4110\lab\csc4111w19grp1\project\sources\bin\easypaintgrp1.dir\debug\curvelineinstrument.obj
d:\documents\wayne state university\winter 2019\csc 4110\lab\csc4111w19grp1\project\sources\bin\easypaintgrp1.dir\debug\colorpickerinstrument.obj
d:\documents\wayne state university\winter 2019\csc 4110\lab\csc4111w19grp1\project\sources\bin\easypaintgrp1.dir\debug\magnifierinstrument.obj
d:\documents\wayne state university\winter 2019\csc 4110\lab\csc4111w19grp1\project\sources\bin\easypaintgrp1.dir\debug\sprayinstrument.obj
d:\documents\wayne state university\winter 2019\csc 4110\lab\csc4111w19grp1\project\sources\bin\easypaintgrp1.dir\debug\fillinstrument.obj
d:\documents\wayne state university\winter 2019\csc 4110\lab\csc4111w19grp1\project\sources\bin\easypaintgrp1.dir\debug\ellipseinstrument.obj
d:\documents\wayne state university\winter 2019\csc 4110\lab\csc4111w19grp1\project\sources\bin\easypaintgrp1.dir\debug\rectangleinstrument.obj
d:\documents\wayne state university\winter 2019\csc 4110\lab\csc4111w19grp1\project\sources\bin\easypaintgrp1.dir\debug\eraserinstrument.obj
d:\documents\wayne state university\winter 2019\csc 4110\lab\csc4111w19grp1\project\sources\bin\easypaintgrp1.dir\debug\lineinstrument.obj
d:\documents\wayne state university\winter 2019\csc 4110\lab\csc4111w19grp1\project\sources\bin\easypaintgrp1.dir\debug\pencilinstrument.obj
d:\documents\wayne state university\winter 2019\csc 4110\lab\csc4111w19grp1\project\sources\bin\easypaintgrp1.dir\debug\selectioninstrument.obj
d:\documents\wayne state university\winter 2019\csc 4110\lab\csc4111w19grp1\project\sources\bin\easypaintgrp1.dir\debug\abstractselection.obj
d:\documents\wayne state university\winter 2019\csc 4110\lab\csc4111w19grp1\project\sources\bin\easypaintgrp1.dir\debug\abstractinstrument.obj
d:\documents\wayne state university\winter 2019\csc 4110\lab\csc4111w19grp1\project\sources\bin\easypaintgrp1.dir\debug\effectsettingsdialog.obj
d:\documents\wayne state university\winter 2019\csc 4110\lab\csc4111w19grp1\project\sources\bin\easypaintgrp1.dir\debug\textdialog.obj
d:\documents\wayne state university\winter 2019\csc 4110\lab\csc4111w19grp1\project\sources\bin\easypaintgrp1.dir\debug\settingsdialog.obj
d:\documents\wayne state university\winter 2019\csc 4110\lab\csc4111w19grp1\project\sources\bin\easypaintgrp1.dir\debug\resizedialog.obj
d:\documents\wayne state university\winter 2019\csc 4110\lab\csc4111w19grp1\project\sources\bin\easypaintgrp1.dir\debug\imagepreview.obj
d:\documents\wayne state university\winter 2019\csc 4110\lab\csc4111w19grp1\project\sources\bin\easypaintgrp1.dir\debug\moc_abstracteffectsettings.obj
d:\documents\wayne state university\winter 2019\csc 4110\lab\csc4111w19grp1\project\sources\bin\easypaintgrp1.dir\debug\moc_shortcutedit.obj
d:\documents\wayne state university\winter 2019\csc 4110\lab\csc4111w19grp1\project\sources\bin\easypaintgrp1.dir\debug\moc_palettebutton.obj
d:\documents\wayne state university\winter 2019\csc 4110\lab\csc4111w19grp1\project\sources\bin\easypaintgrp1.dir\debug\moc_palettebar.obj
d:\documents\wayne state university\winter 2019\csc 4110\lab\csc4111w19grp1\project\sources\bin\easypaintgrp1.dir\debug\moc_colorchooser.obj
d:\documents\wayne state university\winter 2019\csc 4110\lab\csc4111w19grp1\project\sources\bin\easypaintgrp1.dir\debug\moc_toolbar.obj
d:\documents\wayne state university\winter 2019\csc 4110\lab\csc4111w19grp1\project\sources\bin\easypaintgrp1.dir\debug\moc_undocommand.obj
d:\documents\wayne state university\winter 2019\csc 4110\lab\csc4111w19grp1\project\sources\bin\easypaintgrp1.dir\debug\moc_sharpeneffect.obj
d:\documents\wayne state university\winter 2019\csc 4110\lab\csc4111w19grp1\project\sources\bin\easypaintgrp1.dir\debug\moc_gaussianblureffect.obj
d:\documents\wayne state university\winter 2019\csc 4110\lab\csc4111w19grp1\project\sources\bin\easypaintgrp1.dir\debug\moc_gammaeffect.obj
d:\documents\wayne state university\winter 2019\csc 4110\lab\csc4111w19grp1\project\sources\bin\easypaintgrp1.dir\debug\moc_effectwithsettings.obj
d:\documents\wayne state university\winter 2019\csc 4110\lab\csc4111w19grp1\project\sources\bin\easypaintgrp1.dir\debug\moc_customeffect.obj
d:\documents\wayne state university\winter 2019\csc 4110\lab\csc4111w19grp1\project\sources\bin\easypaintgrp1.dir\debug\moc_binarizationeffect.obj
d:\documents\wayne state university\winter 2019\csc 4110\lab\csc4111w19grp1\project\sources\bin\easypaintgrp1.dir\debug\moc_grayeffect.obj
d:\documents\wayne state university\winter 2019\csc 4110\lab\csc4111w19grp1\project\sources\bin\easypaintgrp1.dir\debug\moc_negativeeffect.obj
d:\documents\wayne state university\winter 2019\csc 4110\lab\csc4111w19grp1\project\sources\bin\easypaintgrp1.dir\debug\moc_abstracteffect.obj
d:\documents\wayne state university\winter 2019\csc 4110\lab\csc4111w19grp1\project\sources\bin\easypaintgrp1.dir\debug\moc_additionaltools.obj
d:\documents\wayne state university\winter 2019\csc 4110\lab\csc4111w19grp1\project\sources\bin\easypaintgrp1.dir\debug\moc_datasingleton.obj
d:\documents\wayne state university\winter 2019\csc 4110\lab\csc4111w19grp1\project\sources\bin\easypaintgrp1.dir\debug\moc_imagearea.obj
d:\documents\wayne state university\winter 2019\csc 4110\lab\csc4111w19grp1\project\sources\bin\easypaintgrp1.dir\debug\moc_easypaintenums.obj
d:\documents\wayne state university\winter 2019\csc 4110\lab\csc4111w19grp1\project\sources\bin\easypaintgrp1.dir\debug\moc_colorpickerinstrument.obj
d:\documents\wayne state university\winter 2019\csc 4110\lab\csc4111w19grp1\project\sources\bin\easypaintgrp1.dir\debug\moc_magnifierinstrument.obj
d:\documents\wayne state university\winter 2019\csc 4110\lab\csc4111w19grp1\project\sources\bin\easypaintgrp1.dir\debug\moc_sprayinstrument.obj
d:\documents\wayne state university\winter 2019\csc 4110\lab\csc4111w19grp1\project\sources\bin\easypaintgrp1.dir\debug\moc_fillinstrument.obj
d:\documents\wayne state university\winter 2019\csc 4110\lab\csc4111w19grp1\project\sources\bin\easypaintgrp1.dir\debug\moc_ellipseinstrument.obj
d:\documents\wayne state university\winter 2019\csc 4110\lab\csc4111w19grp1\project\sources\bin\easypaintgrp1.dir\debug\moc_rectangleinstrument.obj
d:\documents\wayne state university\winter 2019\csc 4110\lab\csc4111w19grp1\project\sources\bin\easypaintgrp1.dir\debug\moc_eraserinstrument.obj
d:\documents\wayne state university\winter 2019\csc 4110\lab\csc4111w19grp1\project\sources\bin\easypaintgrp1.dir\debug\moc_lineinstrument.obj
d:\documents\wayne state university\winter 2019\csc 4110\lab\csc4111w19grp1\project\sources\bin\easypaintgrp1.dir\debug\moc_pencilinstrument.obj
d:\documents\wayne state university\winter 2019\csc 4110\lab\csc4111w19grp1\project\sources\bin\easypaintgrp1.dir\debug\moc_selectioninstrument.obj
d:\documents\wayne state university\winter 2019\csc 4110\lab\csc4111w19grp1\project\sources\bin\easypaintgrp1.dir\debug\moc_abstractselection.obj
d:\documents\wayne state university\winter 2019\csc 4110\lab\csc4111w19grp1\project\sources\bin\easypaintgrp1.dir\debug\moc_abstractinstrument.obj
d:\documents\wayne state university\winter 2019\csc 4110\lab\csc4111w19grp1\project\sources\bin\easypaintgrp1.dir\debug\moc_effectsettingsdialog.obj
d:\documents\wayne state university\winter 2019\csc 4110\lab\csc4111w19grp1\project\sources\bin\easypaintgrp1.dir\debug\moc_textdialog.obj
d:\documents\wayne state university\winter 2019\csc 4110\lab\csc4111w19grp1\project\sources\bin\easypaintgrp1.dir\debug\moc_settingsdialog.obj
d:\documents\wayne state university\winter 2019\csc 4110\lab\csc4111w19grp1\project\sources\bin\easypaintgrp1.dir\debug\moc_resizedialog.obj
d:\documents\wayne state university\winter 2019\csc 4110\lab\csc4111w19grp1\project\sources\bin\easypaintgrp1.dir\debug\moc_imagepreview.obj
d:\documents\wayne state university\winter 2019\csc 4110\lab\csc4111w19grp1\project\sources\bin\easypaintgrp1.dir\debug\moc_gaussianblurfiltersettings.obj
d:\documents\wayne state university\winter 2019\csc 4110\lab\csc4111w19grp1\project\sources\bin\easypaintgrp1.dir\debug\moc_sharpenfiltersettings.obj
d:\documents\wayne state university\winter 2019\csc 4110\lab\csc4111w19grp1\project\sources\bin\easypaintgrp1.dir\debug\moc_customfiltersettings.obj
d:\documents\wayne state university\winter 2019\csc 4110\lab\csc4111w19grp1\project\sources\bin\easypaintgrp1.dir\debug\qrc_resources.obj
d:\documents\wayne state university\winter 2019\csc 4110\lab\csc4111w19grp1\project\sources\bin\easypaintgrp1.dir\debug\moc_textinstrument.obj
d:\documents\wayne state university\winter 2019\csc 4110\lab\csc4111w19grp1\project\sources\bin\easypaintgrp1.dir\debug\moc_curvelineinstrument.obj
d:\documents\wayne state university\winter 2019\csc 4110\lab\csc4111w19grp1\project\sources\bin\sources\moc_mainwindow.cpp
d:\documents\wayne state university\winter 2019\csc 4110\lab\csc4111w19grp1\project\sources\bin\sources\moc_easypaintenums.cpp
d:\documents\wayne state university\winter 2019\csc 4110\lab\csc4111w19grp1\project\sources\bin\sources\moc_imagearea.cpp
d:\documents\wayne state university\winter 2019\csc 4110\lab\csc4111w19grp1\project\sources\bin\sources\moc_datasingleton.cpp
d:\documents\wayne state university\winter 2019\csc 4110\lab\csc4111w19grp1\project\sources\bin\sources\moc_additionaltools.cpp
d:\documents\wayne state university\winter 2019\csc 4110\lab\csc4111w19grp1\project\sources\bin\sources\effects\moc_abstracteffect.cpp
d:\documents\wayne state university\winter 2019\csc 4110\lab\csc4111w19grp1\project\sources\bin\sources\effects\moc_negativeeffect.cpp
d:\documents\wayne state university\winter 2019\csc 4110\lab\csc4111w19grp1\project\sources\bin\sources\effects\moc_grayeffect.cpp
d:\documents\wayne state university\winter 2019\csc 4110\lab\csc4111w19grp1\project\sources\bin\sources\effects\moc_binarizationeffect.cpp
d:\documents\wayne state university\winter 2019\csc 4110\lab\csc4111w19grp1\project\sources\bin\sources\effects\moc_customeffect.cpp
d:\documents\wayne state university\winter 2019\csc 4110\lab\csc4111w19grp1\project\sources\bin\sources\effects\moc_effectwithsettings.cpp
d:\documents\wayne state university\winter 2019\csc 4110\lab\csc4111w19grp1\project\sources\bin\sources\effects\moc_gammaeffect.cpp
d:\documents\wayne state university\winter 2019\csc 4110\lab\csc4111w19grp1\project\sources\bin\sources\effects\moc_gaussianblureffect.cpp
d:\documents\wayne state university\winter 2019\csc 4110\lab\csc4111w19grp1\project\sources\bin\sources\effects\moc_sharpeneffect.cpp
d:\documents\wayne state university\winter 2019\csc 4110\lab\csc4111w19grp1\project\sources\bin\sources\moc_undocommand.cpp
d:\documents\wayne state university\winter 2019\csc 4110\lab\csc4111w19grp1\project\sources\bin\sources\widgets\moc_toolbar.cpp
d:\documents\wayne state university\winter 2019\csc 4110\lab\csc4111w19grp1\project\sources\bin\sources\widgets\moc_colorchooser.cpp
d:\documents\wayne state university\winter 2019\csc 4110\lab\csc4111w19grp1\project\sources\bin\sources\widgets\moc_palettebar.cpp
d:\documents\wayne state university\winter 2019\csc 4110\lab\csc4111w19grp1\project\sources\bin\sources\widgets\moc_palettebutton.cpp
d:\documents\wayne state university\winter 2019\csc 4110\lab\csc4111w19grp1\project\sources\bin\sources\widgets\moc_shortcutedit.cpp
d:\documents\wayne state university\winter 2019\csc 4110\lab\csc4111w19grp1\project\sources\bin\sources\widgets\moc_abstracteffectsettings.cpp
d:\documents\wayne state university\winter 2019\csc 4110\lab\csc4111w19grp1\project\sources\bin\sources\widgets\moc_customfiltersettings.cpp
d:\documents\wayne state university\winter 2019\csc 4110\lab\csc4111w19grp1\project\sources\bin\sources\widgets\moc_sharpenfiltersettings.cpp
d:\documents\wayne state university\winter 2019\csc 4110\lab\csc4111w19grp1\project\sources\bin\sources\widgets\moc_gaussianblurfiltersettings.cpp
d:\documents\wayne state university\winter 2019\csc 4110\lab\csc4111w19grp1\project\sources\bin\sources\widgets\moc_imagepreview.cpp
d:\documents\wayne state university\winter 2019\csc 4110\lab\csc4111w19grp1\project\sources\bin\sources\dialogs\moc_resizedialog.cpp
d:\documents\wayne state university\winter 2019\csc 4110\lab\csc4111w19grp1\project\sources\bin\sources\dialogs\moc_settingsdialog.cpp
d:\documents\wayne state university\winter 2019\csc 4110\lab\csc4111w19grp1\project\sources\bin\sources\dialogs\moc_textdialog.cpp
d:\documents\wayne state university\winter 2019\csc 4110\lab\csc4111w19grp1\project\sources\bin\sources\dialogs\moc_effectsettingsdialog.cpp
d:\documents\wayne state university\winter 2019\csc 4110\lab\csc4111w19grp1\project\sources\bin\sources\instruments\moc_abstractinstrument.cpp
d:\documents\wayne state university\winter 2019\csc 4110\lab\csc4111w19grp1\project\sources\bin\sources\instruments\moc_abstractselection.cpp
d:\documents\wayne state university\winter 2019\csc 4110\lab\csc4111w19grp1\project\sources\bin\sources\instruments\moc_selectioninstrument.cpp
d:\documents\wayne state university\winter 2019\csc 4110\lab\csc4111w19grp1\project\sources\bin\sources\instruments\moc_pencilinstrument.cpp
d:\documents\wayne state university\winter 2019\csc 4110\lab\csc4111w19grp1\project\sources\bin\sources\instruments\moc_lineinstrument.cpp
d:\documents\wayne state university\winter 2019\csc 4110\lab\csc4111w19grp1\project\sources\bin\sources\instruments\moc_eraserinstrument.cpp
d:\documents\wayne state university\winter 2019\csc 4110\lab\csc4111w19grp1\project\sources\bin\sources\instruments\moc_rectangleinstrument.cpp
d:\documents\wayne state university\winter 2019\csc 4110\lab\csc4111w19grp1\project\sources\bin\sources\instruments\moc_ellipseinstrument.cpp
d:\documents\wayne state university\winter 2019\csc 4110\lab\csc4111w19grp1\project\sources\bin\sources\instruments\moc_fillinstrument.cpp
d:\documents\wayne state university\winter 2019\csc 4110\lab\csc4111w19grp1\project\sources\bin\sources\instruments\moc_sprayinstrument.cpp
d:\documents\wayne state university\winter 2019\csc 4110\lab\csc4111w19grp1\project\sources\bin\sources\instruments\moc_magnifierinstrument.cpp
d:\documents\wayne state university\winter 2019\csc 4110\lab\csc4111w19grp1\project\sources\bin\sources\instruments\moc_colorpickerinstrument.cpp
d:\documents\wayne state university\winter 2019\csc 4110\lab\csc4111w19grp1\project\sources\bin\sources\instruments\moc_curvelineinstrument.cpp
d:\documents\wayne state university\winter 2019\csc 4110\lab\csc4111w19grp1\project\sources\bin\sources\instruments\moc_textinstrument.cpp
d:\documents\wayne state university\winter 2019\csc 4110\lab\csc4111w19grp1\project\sources\bin\qrc_resources.cpp
d:\documents\wayne state university\winter 2019\csc 4110\lab\csc4111w19grp1\project\sources\bin\cmakefiles\generate.stamp
d:\documents\wayne state university\winter 2019\csc 4110\lab\csc4111w19grp1\project\sources\bin\debug\easypaintgrp1.ilk
d:\documents\wayne state university\winter 2019\csc 4110\lab\csc4111w19grp1\project\sources\bin\debug\easypaintgrp1.exe
d:\documents\wayne state university\winter 2019\csc 4110\lab\csc4111w19grp1\project\sources\bin\debug\easypaintgrp1.pdb
d:\documents\wayne state university\winter 2019\csc 4110\lab\csc4111w19grp1\project\sources\bin\easypaintgrp1.dir\debug\easypaintgrp1.tlog\cl.command.1.tlog
d:\documents\wayne state university\winter 2019\csc 4110\lab\csc4111w19grp1\project\sources\bin\easypaintgrp1.dir\debug\easypaintgrp1.tlog\cl.read.1.tlog
d:\documents\wayne state university\winter 2019\csc 4110\lab\csc4111w19grp1\project\sources\bin\easypaintgrp1.dir\debug\easypaintgrp1.tlog\cl.write.1.tlog
d:\documents\wayne state university\winter 2019\csc 4110\lab\csc4111w19grp1\project\sources\bin\easypaintgrp1.dir\debug\easypaintgrp1.tlog\custombuild.command.1.tlog
d:\documents\wayne state university\winter 2019\csc 4110\lab\csc4111w19grp1\project\sources\bin\easypaintgrp1.dir\debug\easypaintgrp1.tlog\custombuild.read.1.tlog
d:\documents\wayne state university\winter 2019\csc 4110\lab\csc4111w19grp1\project\sources\bin\easypaintgrp1.dir\debug\easypaintgrp1.tlog\custombuild.write.1.tlog
d:\documents\wayne state university\winter 2019\csc 4110\lab\csc4111w19grp1\project\sources\bin\easypaintgrp1.dir\debug\easypaintgrp1.tlog\link.command.1.tlog
d:\documents\wayne state university\winter 2019\csc 4110\lab\csc4111w19grp1\project\sources\bin\easypaintgrp1.dir\debug\easypaintgrp1.tlog\link.read.1.tlog
d:\documents\wayne state university\winter 2019\csc 4110\lab\csc4111w19grp1\project\sources\bin\easypaintgrp1.dir\debug\easypaintgrp1.tlog\link.write.1.tlog
